<?xml version="1.0" encoding="UTF-8"?>
<testng-results skipped="0" failed="0" total="1" passed="1">
  <reporter-output>
  </reporter-output>
  <suite name="Suite" duration-ms="67995" started-at="2020-07-14T13:20:16Z" finished-at="2020-07-14T13:21:24Z">
    <groups>
      <group name="cucumber">
        <method signature="AbstractTestNGCucumberTests.feature(cucumber.api.testng.CucumberFeatureWrapper)[pri:0, instance:runners.Runner@6fadae5d]" name="feature" class="cucumber.api.testng.AbstractTestNGCucumberTests"/>
      </group> <!-- cucumber -->
    </groups>
    <test name="Test" duration-ms="67995" started-at="2020-07-14T13:20:16Z" finished-at="2020-07-14T13:21:24Z">
      <class name="runners.Runner">
        <test-method status="PASS" signature="setUpClass()[pri:0, instance:runners.Runner@6fadae5d]" name="setUpClass" is-config="true" duration-ms="713" started-at="2020-07-14T18:50:16Z" finished-at="2020-07-14T18:50:16Z">
          <reporter-output>
          </reporter-output>
        </test-method> <!-- setUpClass -->
        <test-method status="PASS" signature="setup()[pri:0, instance:runners.Runner@6fadae5d]" name="setup" is-config="true" duration-ms="1" started-at="2020-07-14T18:50:16Z" finished-at="2020-07-14T18:50:16Z">
          <reporter-output>
          </reporter-output>
        </test-method> <!-- setup -->
        <test-method status="PASS" signature="feature(cucumber.api.testng.CucumberFeatureWrapper)[pri:0, instance:runners.Runner@6fadae5d]" name="feature" duration-ms="66748" started-at="2020-07-14T18:50:17Z" description="Runs Cucumber Feature" data-provider="features" finished-at="2020-07-14T18:51:23Z">
          <params>
            <param index="0">
              <value>
                <![CDATA[Acceptance testing.]]>
              </value>
            </param>
          </params>
          <reporter-output>
          </reporter-output>
        </test-method> <!-- feature -->
        <test-method status="PASS" signature="teardown()[pri:0, instance:runners.Runner@6fadae5d]" name="teardown" is-config="true" duration-ms="26" started-at="2020-07-14T18:51:23Z" finished-at="2020-07-14T18:51:23Z">
          <reporter-output>
          </reporter-output>
        </test-method> <!-- teardown -->
        <test-method status="PASS" signature="tearDownClass()[pri:0, instance:runners.Runner@6fadae5d]" name="tearDownClass" is-config="true" duration-ms="366" started-at="2020-07-14T18:51:23Z" finished-at="2020-07-14T18:51:24Z">
          <reporter-output>
          </reporter-output>
        </test-method> <!-- tearDownClass -->
      </class> <!-- runners.Runner -->
    </test> <!-- Test -->
  </suite> <!-- Suite -->
</testng-results>
